
03/06 15:08:24 [NOTICE] IPv4 RPC: listening on TCP port 6800

03/06 15:08:24 [ERROR] IPv6 RPC: failed to bind TCP port 6800
Exception: [SocketCore.cc:291] errorCode=1 Failed to bind a socket, cause: Name or service not known












03/06 15:08:36 [NOTICE] Shutdown sequence commencing... Press Ctrl-C again for emergency shutdown.

Download Results:
gid   |stat|avg speed  |path/URI
======+====+===========+=======================================================

03/06 15:13:21 [NOTICE] IPv4 RPC: listening on TCP port 6800

03/06 15:13:21 [ERROR] IPv6 RPC: failed to bind TCP port 6800
Exception: [SocketCore.cc:291] errorCode=1 Failed to bind a socket, cause: Name or service not known




























03/06 15:13:50 [NOTICE] IPv4 DHT: listening on UDP port 6921

03/06 15:13:50 [ERROR] CUID#16 - Exception caught while allocating file space.
Exception: [AbstractDiskWriter.cc:496] errNum=28 errorCode=17 fallocate failed. cause: No space left on device

03/06 15:13:50 [ERROR] CUID#16 - Download not complete: =/home/fish/Project/MyDownloader/server/../data/download/纸牌屋.第三季.全集.House.Of.Cards.S03E01-13.HD720P.X264.AAC.English.CHS-ENG.Mp4Ba

03/06 15:13:50 [NOTICE] Download GID#d52c9f89bc445a12 not complete: =/home/fish/Project/MyDownloader/server/../data/download/纸牌屋.第三季.全集.House.Of.Cards.S03E01-13.HD720P.X264.AAC.English.CHS-ENG.Mp4Ba

03/06 15:13:50 [ERROR] Exception caught
Exception: [DefaultBtProgressInfoFile.cc:192] errorCode=1 Failed to write into the segment file =/home/fish/Project/MyDownloader/server/../data/download/纸牌屋.第三季.全集.House.Of.Cards.S03E01-13.HD720P.X264.AAC.English.CHS-ENG.Mp4Ba.aria2























































































03/06 15:15:28 [ERROR] Exception caught
Exception: [RequestGroup.cc:409] errorCode=13 File =/home/fish/Project/MyDownloader/server/../data/download/纸牌屋.第三季.全集.House.Of.Cards.S03E01-13.HD720P.X264.AAC.English.CHS-ENG.Mp4Ba exists, but a control file(*.aria2) does not exist. Download was canceled in order to prevent your file from being truncated to 0. If you are sure to download the file all over again, then delete it or add --allow-overwrite=true option and restart aria2.

03/06 15:15:28 [NOTICE] Download GID#d4828d4fcfcb4830 not complete: =/home/fish/Project/MyDownloader/server/../data/download/纸牌屋.第三季.全集.House.Of.Cards.S03E01-13.HD720P.X264.AAC.English.CHS-ENG.Mp4Ba

03/06 15:17:10 [ERROR] IPv4 RPC: failed to bind TCP port 6800
Exception: [SocketCore.cc:291] errorCode=1 Failed to bind a socket, cause: Address already in use

03/06 15:17:10 [ERROR] IPv6 RPC: failed to bind TCP port 6800
Exception: [SocketCore.cc:291] errorCode=1 Failed to bind a socket, cause: Name or service not known

03/06 15:17:10 [ERROR] Exception caught
Exception: [DownloadEngineFactory.cc:215] errorCode=1 Failed to setup RPC server.






































































































03/06 15:17:19 [NOTICE] Emergency shutdown sequence commencing...

Download Results:
gid   |stat|avg speed  |path/URI
======+====+===========+=======================================================
d4828d|ERR |        n/a|=/home/fish/Project/MyDownloader/server/../data/download/纸牌屋.第三季.全集.House.Of.Cards.S03E01-13.HD720P.X264.AAC.English.CHS-ENG.Mp4Ba/更多高清请访问www.mp4ba.com.txt (28more)

Status Legend:
(ERR):error occurred.

aria2 will resume download if the transfer is restarted.
If there are any errors, then see the log file. See '-l' option in help/man page for details.

03/06 15:17:20 [NOTICE] IPv4 RPC: listening on TCP port 6800

03/06 15:17:20 [ERROR] IPv6 RPC: failed to bind TCP port 6800
Exception: [SocketCore.cc:291] errorCode=1 Failed to bind a socket, cause: Name or service not known










03/06 15:17:31 [NOTICE] IPv4 DHT: listening on UDP port 6916

03/06 15:17:31 [NOTICE] IPv4 BitTorrent: listening on TCP port 6995

03/06 15:17:31 [ERROR] IPv6 BitTorrent: failed to bind TCP port 6995
Exception: [SocketCore.cc:291] errorCode=1 Failed to bind a socket, cause: Name or service not known
[#e438f2 0B/12GiB(0%) CN:0 SD:0 DL:0B]
[#e438f2 0B/12GiB(0%) CN:0 SD:0 DL:0B]
[#e438f2 0B/12GiB(0%) CN:44 SD:0 DL:0B]
[#e438f2 0B/12GiB(0%) CN:44 SD:0 DL:0B]
[#e438f2 0B/12GiB(0%) CN:44 SD:0 DL:0B]
[#e438f2 0B/12GiB(0%) CN:44 SD:0 DL:0B]
[#e438f2 0B/12GiB(0%) CN:44 SD:0 DL:0B]
[#e438f2 0B/12GiB(0%) CN:44 SD:0 DL:0B]
[#e438f2 0B/12GiB(0%) CN:44 SD:0 DL:0B]
[#e438f2 0B/12GiB(0%) CN:47 SD:0 DL:0B]
[#e438f2 0B/12GiB(0%) CN:45 SD:0 DL:0B]
[#e438f2 0B/12GiB(0%) CN:44 SD:0 DL:0B]
[#e438f2 0B/12GiB(0%) CN:44 SD:0 DL:0B]
[#e438f2 0B/12GiB(0%) CN:44 SD:0 DL:0B]
[#e438f2 0B/12GiB(0%) CN:44 SD:0 DL:0B]
[#e438f2 0B/12GiB(0%) CN:44 SD:0 DL:0B]
[#e438f2 0B/12GiB(0%) CN:44 SD:0 DL:0B]
[#e438f2 0B/12GiB(0%) CN:49 SD:0 DL:0B]
[#e438f2 0B/12GiB(0%) CN:44 SD:0 DL:0B]
[#e438f2 0B/12GiB(0%) CN:44 SD:0 DL:0B]
[#e438f2 0B/12GiB(0%) CN:44 SD:0 DL:0B]
[#e438f2 0B/12GiB(0%) CN:44 SD:0 DL:0B]
[#e438f2 0B/12GiB(0%) CN:44 SD:0 DL:0B]
[#e438f2 0B/12GiB(0%) CN:44 SD:0 DL:0B]
[#e438f2 0B/12GiB(0%) CN:44 SD:0 DL:0B]
[#e438f2 0B/12GiB(0%) CN:49 SD:0 DL:0B]
[#e438f2 0B/12GiB(0%) CN:48 SD:0 DL:0B]
[#e438f2 0B/12GiB(0%) CN:45 SD:0 DL:0B]
[#e438f2 0B/12GiB(0%) CN:44 SD:0 DL:0B]
[#e438f2 0B/12GiB(0%) CN:44 SD:0 DL:0B]
[#e438f2 0B/12GiB(0%) CN:44 SD:0 DL:0B]
[#e438f2 0B/12GiB(0%) CN:44 SD:0 DL:0B]
[#e438f2 0B/12GiB(0%) CN:49 SD:0 DL:0B]
[#e438f2 0B/12GiB(0%) CN:49 SD:0 DL:0B]
[#e438f2 0B/12GiB(0%) CN:44 SD:0 DL:0B]
[#e438f2 0B/12GiB(0%) CN:44 SD:0 DL:0B]
 *** Download Progress Summary as of Fri Mar  6 15:18:21 2015 *** 
===============================================================================
[#e438f2 0B/12GiB(0%) CN:44 SD:0 DL:0B]
FILE: /home/fish/Project/MyDownloader/server/../data/download/纸牌屋.第三季.全集.House.Of.Cards.S03E01-13.HD720P.X264.AAC.English.CHS-ENG.Mp4Ba/更多高清请访问www.mp4ba.com.txt (28more)
-------------------------------------------------------------------------------

[#e438f2 0B/12GiB(0%) CN:44 SD:0 DL:0B]
[#e438f2 0B/12GiB(0%) CN:44 SD:0 DL:0B]
[#e438f2 0B/12GiB(0%) CN:44 SD:0 DL:0B]
[#e438f2 0B/12GiB(0%) CN:44 SD:0 DL:0B]
[#e438f2 0B/12GiB(0%) CN:47 SD:0 DL:0B]
[#e438f2 0B/12GiB(0%) CN:45 SD:0 DL:0B]
[#e438f2 0B/12GiB(0%) CN:44 SD:0 DL:0B]
[#e438f2 0B/12GiB(0%) CN:44 SD:0 DL:0B]
[#e438f2 0B/12GiB(0%) CN:44 SD:1 DL:0B]
[#e438f2 0B/12GiB(0%) CN:44 SD:1 DL:0B]
[#e438f2 0B/12GiB(0%) CN:44 SD:1 DL:0B]
[#e438f2 0B/12GiB(0%) CN:44 SD:1 DL:0B]
[#e438f2 0B/12GiB(0%) CN:48 SD:1 DL:0B]
[#e438f2 0B/12GiB(0%) CN:44 SD:1 DL:0B]
[#e438f2 0B/12GiB(0%) CN:44 SD:1 DL:0B]
[#e438f2 0B/12GiB(0%) CN:44 SD:1 DL:0B]
[#e438f2 0B/12GiB(0%) CN:45 SD:1 DL:0B]
[#e438f2 0B/12GiB(0%) CN:44 SD:1 DL:0B]
[#e438f2 0B/12GiB(0%) CN:44 SD:1 DL:0B]
[#e438f2 0B/12GiB(0%) CN:44 SD:1 DL:0B]
[#e438f2 0B/12GiB(0%) CN:50 SD:1 DL:0B]
[#e438f2 0B/12GiB(0%) CN:45 SD:1 DL:0B]
[#e438f2 0B/12GiB(0%) CN:44 SD:1 DL:0B]
[#e438f2 0B/12GiB(0%) CN:44 SD:1 DL:0B]
[#e438f2 0B/12GiB(0%) CN:44 SD:1 DL:0B]
[#e438f2 0B/12GiB(0%) CN:44 SD:1 DL:0B]
[#e438f2 0B/12GiB(0%) CN:44 SD:1 DL:0B]
[#e438f2 0B/12GiB(0%) CN:45 SD:1 DL:0B]
[#e438f2 0B/12GiB(0%) CN:48 SD:1 DL:0B]
[#e438f2 0B/12GiB(0%) CN:45 SD:1 DL:0B]
[#e438f2 0B/12GiB(0%) CN:44 SD:1 DL:0B]
[#e438f2 0B/12GiB(0%) CN:44 SD:1 DL:0B]
[#e438f2 0B/12GiB(0%) CN:46 SD:1 DL:0B]
[#e438f2 0B/12GiB(0%) CN:44 SD:1 DL:0B]
[#e438f2 0B/12GiB(0%) CN:44 SD:1 DL:0B]
[#e438f2 0B/12GiB(0%) CN:48 SD:0 DL:0B]
[#e438f2 0B/12GiB(0%) CN:45 SD:0 DL:0B]
[#e438f2 0B/12GiB(0%) CN:44 SD:0 DL:0B]
[#e438f2 16KiB/12GiB(0%) CN:44 SD:0 DL:9.2KiB ETA:405h35m40s]
[#e438f2 32KiB/12GiB(0%) CN:44 SD:0 DL:11KiB ETA:329h4m16s]
[#e438f2 48KiB/12GiB(0%) CN:45 SD:0 DL:11KiB ETA:322h33s]
[#e438f2 48KiB/12GiB(0%) CN:44 SD:0 DL:9.3KiB ETA:403h40m58s]
[#e438f2 64KiB/12GiB(0%) CN:44 SD:0 DL:10KiB ETA:362h40m48s]
[#e438f2 64KiB/12GiB(0%) CN:44 SD:0 DL:8.5KiB ETA:439h37m25s]
[#e438f2 80KiB/12GiB(0%) CN:47 SD:0 DL:9.4KiB ETA:400h27m15s]
[#e438f2 80KiB/12GiB(0%) CN:44 SD:0 DL:8.3KiB ETA:453h19m3s]
 *** Download Progress Summary as of Fri Mar  6 15:19:22 2015 *** 
===============================================================================
[#e438f2 80KiB/12GiB(0%) CN:44 SD:0 DL:7.5KiB ETA:502h3m59s]
FILE: /home/fish/Project/MyDownloader/server/../data/download/纸牌屋.第三季.全集.House.Of.Cards.S03E01-13.HD720P.X264.AAC.English.CHS-ENG.Mp4Ba/更多高清请访问www.mp4ba.com.txt (28more)
-------------------------------------------------------------------------------

[#e438f2 80KiB/12GiB(0%) CN:44 SD:0 DL:7.5KiB ETA:502h3m59s]
[#e438f2 112KiB/12GiB(0%) CN:44 SD:0 DL:9.2KiB ETA:405h55m59s]
[#e438f2 112KiB/12GiB(0%) CN:44 SD:0 DL:8.4KiB ETA:447h19m19s]
[#e438f2 112KiB/12GiB(0%) CN:45 SD:0 DL:7.8KiB ETA:481h23m1s]
[#e438f2 112KiB/12GiB(0%) CN:45 SD:0 DL:7.0KiB ETA:534h42m54s]
[#e438f2 128KiB/12GiB(0%) CN:44 SD:0 DL:7.5KiB ETA:499h35m35s]
[#e438f2 144KiB/12GiB(0%) CN:44 SD:0 DL:8.0KiB ETA:470h17m14s]
[#e438f2 160KiB/12GiB(0%) CN:49 SD:0 DL:8.0KiB ETA:466h55m37s]
[#e438f2 160KiB/12GiB(0%) CN:44 SD:0 DL:7.4KiB ETA:502h54m53s]
[#e438f2 176KiB/12GiB(0%) CN:44 SD:0 DL:8.1KiB ETA:459h57m54s]
[#e438f2 176KiB/12GiB(0%) CN:44 SD:0 DL:7.6KiB ETA:494h5m12s]
[#e438f2 176KiB/12GiB(0%) CN:44 SD:0 DL:7.8KiB ETA:477h30m25s]
[#e438f2 240KiB/12GiB(0%) CN:45 SD:0 DL:12KiB ETA:312h21m16s]
[#e438f2 256KiB/12GiB(0%) CN:46 SD:0 DL:12KiB ETA:306h48m44s]
[#e438f2 256KiB/12GiB(0%) CN:45 SD:0 DL:14KiB ETA:267h37m58s]
[#e438f2 272KiB/12GiB(0%) CN:44 SD:0 DL:14KiB ETA:264h10m3s]
[#e438f2 288KiB/12GiB(0%) CN:44 SD:0 DL:14KiB ETA:265h12m10s]
[#e438f2 304KiB/12GiB(0%) CN:49 SD:0 DL:13KiB ETA:274h8m19s]
[#e438f2 304KiB/12GiB(0%) CN:45 SD:0 DL:12KiB ETA:296h6s]
[#e438f2 320KiB/12GiB(0%) CN:44 SD:0 DL:12KiB ETA:292h21m57s]
[#e438f2 320KiB/12GiB(0%) CN:44 SD:0 DL:12KiB ETA:312h25m42s]
[#e438f2 320KiB/12GiB(0%) CN:44 SD:0 DL:11KiB ETA:332h31m34s]
[#e438f2 336KiB/12GiB(0%) CN:46 SD:0 DL:12KiB ETA:305h2m19s]
[#e438f2 336KiB/12GiB(0%) CN:46 SD:0 DL:10KiB ETA:342h45m6s]
[#e438f2 368KiB/12GiB(0%) CN:44 SD:1 DL:9.3KiB ETA:404h36m18s]
[#e438f2 368KiB/12GiB(0%) CN:49 SD:1 DL:8.1KiB ETA:463h56m33s]
[#e438f2 384KiB/12GiB(0%) CN:46 SD:1 DL:8.6KiB ETA:435h20m42s]
[#e438f2 384KiB/12GiB(0%) CN:45 SD:1 DL:7.5KiB ETA:498h9m50s]
[#e438f2 400KiB/12GiB(0%) CN:44 SD:1 DL:7.8KiB ETA:482h31m4s]
[#e438f2 400KiB/12GiB(0%) CN:45 SD:1 DL:7.2KiB ETA:518h44m9s]
[#e438f2 416KiB/12GiB(0%) CN:46 SD:1 DL:7.8KiB ETA:480h31m59s]
[#e438f2 432KiB/12GiB(0%) CN:44 SD:1 DL:8.8KiB ETA:425h7m16s]
[#e438f2 448KiB/12GiB(0%) CN:44 SD:1 DL:9.3KiB ETA:403h55m28s]
[#e438f2 448KiB/12GiB(0%) CN:44 SD:1 DL:9.3KiB ETA:403h12m24s]
[#e438f2 448KiB/12GiB(0%) CN:49 SD:1 DL:8.6KiB ETA:437h45m52s]
[#e438f2 448KiB/12GiB(0%) CN:45 SD:1 DL:7.8KiB ETA:480h3m12s]
[#e438f2 448KiB/12GiB(0%) CN:45 SD:1 DL:6.1KiB ETA:613h16m27s]
[#e438f2 448KiB/12GiB(0%) CN:44 SD:1 DL:5.5KiB ETA:679h2m24s]
[#e438f2 448KiB/12GiB(0%) CN:45 SD:1 DL:4.5KiB ETA:819h15m45s]
[#e438f2 448KiB/12GiB(0%) CN:44 SD:1 DL:3.8KiB ETA:983h59m35s]
[#e438f2 448KiB/12GiB(0%) CN:44 SD:1 DL:3.5KiB ETA:1062h19m59s]
[#e438f2 448KiB/12GiB(0%) CN:44 SD:1 DL:3.2KiB ETA:1143h57m14s]
[#e438f2 464KiB/12GiB(0%) CN:44 SD:1 DL:3.4KiB ETA:1091h29m55s]
[#e438f2 480KiB/12GiB(0%) CN:46 SD:1 DL:4.2KiB ETA:879h37m16s]
[#e438f2 480KiB/12GiB(0%) CN:44 SD:1 DL:3.2KiB ETA:1166h26m34s]
[#e438f2 496KiB/12GiB(0%) CN:44 SD:1 DL:11KiB ETA:328h58m33s]
[#e438f2 496KiB/12GiB(0%) CN:45 SD:1 DL:8.7KiB ETA:431h26m42s]
[#e438f2 496KiB/12GiB(0%) CN:44 SD:1 DL:6.5KiB ETA:575h38m47s]
[#e438f2 496KiB/12GiB(0%) CN:46 SD:1 DL:5.7KiB ETA:653h29m30s]
[#e438f2 512KiB/12GiB(0%) CN:45 SD:1 DL:6.8KiB ETA:549h42m54s]
[#e438f2 512KiB/12GiB(0%) CN:44 SD:1 DL:5.9KiB ETA:630h12s]
 *** Download Progress Summary as of Fri Mar  6 15:20:22 2015 *** 
===============================================================================
[#e438f2 528KiB/12GiB(0%) CN:45 SD:1 DL:6.8KiB ETA:552h9m15s]
FILE: /home/fish/Project/MyDownloader/server/../data/download/纸牌屋.第三季.全集.House.Of.Cards.S03E01-13.HD720P.X264.AAC.English.CHS-ENG.Mp4Ba/更多高清请访问www.mp4ba.com.txt (28more)
-------------------------------------------------------------------------------

